Vocab size : 53
---------------------Starting training---------------------

































  1%|██▎                                                                                                                                                                      | 196/14049 [01:19<1:19:54,  2.89it/s]
  1%|██▍                                                                                                                                                                      | 201/14049 [01:21<1:16:43,  3.01it/s]










Traceback (most recent call last):███████████████▎                                                                                                                                 | 51/200 [00:20<00:59,  2.51it/s]
  File "/Users/hugo/Desktop/Projects/conditionned_theatre_play_generation/.env/lib/python3.8/site-packages/torch/utils/data/dataloader.py", line 1478, in __del__
    self._shutdown_workers()
  File "/Users/hugo/Desktop/Projects/conditionned_theatre_play_generation/.env/lib/python3.8/site-packages/torch/utils/data/dataloader.py", line 1442, in _shutdown_workers
    w.join(timeout=_utils.MP_STATUS_CHECK_INTERVAL)
  File "/Users/hugo/.pyenv/versions/3.8.18/lib/python3.8/multiprocessing/process.py", line 149, in join
    res = self._popen.wait(timeout)
  File "/Users/hugo/.pyenv/versions/3.8.18/lib/python3.8/multiprocessing/popen_fork.py", line 44, in wait
    if not wait([self.sentinel], timeout):
  File "/Users/hugo/.pyenv/versions/3.8.18/lib/python3.8/multiprocessing/connection.py", line 931, in wait
    ready = selector.select(timeout)
  File "/Users/hugo/.pyenv/versions/3.8.18/lib/python3.8/selectors.py", line 415, in select
    fd_event_list = self._selector.poll(timeout)
KeyboardInterrupt:
  1%|██▍                                                                                                                                                                      | 201/14049 [01:42<1:57:34,  1.96it/s]
Traceback (most recent call last):
  File "train.py", line 127, in test_for_n_steps
    total_acc_test += (logits.argmax(-1) == targets).sum().item()
KeyboardInterrupt
During handling of the above exception, another exception occurred:
Traceback (most recent call last):
  File "train.py", line 240, in <module>
    step(model, optimizer, scheduler, train_loader, test_dataset, device, epoch, path, best_loss = 1000)
  File "train.py", line 66, in step
    test_loss, best_loss = test_for_n_steps(model, test_dataset, device, path, best_loss, epoch, 200)
  File "train.py", line 127, in test_for_n_steps
    total_acc_test += (logits.argmax(-1) == targets).sum().item()
  File "/Users/hugo/Desktop/Projects/conditionned_theatre_play_generation/.env/lib/python3.8/site-packages/torch/utils/data/_utils/signal_handling.py", line 66, in handler
    _error_if_any_worker_fails()
RuntimeError: DataLoader worker (pid 67929) is killed by signal: Interrupt: 2.