Vocab size : 53
---------------------Starting training---------------------
































  1%|██▍                                                                                                                                                                      | 198/14049 [01:19<1:14:23,  3.10it/s]
  1%|██▍                                                                                                                                                                      | 201/14049 [01:20<1:14:02,  3.12it/s]







































 99%|███████████████████████████████████████████████████████████████████████████████████████████████████████████████████████████████████████████████████████████████████████████▎ | 198/200 [01:19<00:00,  2.50it/s]

100%|█████████████████████████████████████████████████████████████████████████████████████████████████████████████████████████████████████████████████████████████████████████████| 200/200 [01:20<00:00,  2.51it/s]
-{3}-
{1}: i.e don't know know. let's get so give this... for me last for the time.
{6}: well, never about time?



























  3%|████▊                                                                                                                                                                    | 398/14049 [04:16<1:02:06,  3.66it/s]
  3%|████▊                                                                                                                                                                    | 401/14049 [04:17<1:02:04,  3.66it/s]






































 98%|████████████████████████████████████████████████████████████████████████████████████████████████████████████████████████████████████████████████████████████████████████▋    | 195/200 [01:17<00:01,  2.52it/s]

100%|█████████████████████████████████████████████████████████████████████████████████████████████████████████████████████████████████████████████████████████████████████████████| 200/200 [01:19<00:00,  2.52it/s]
-{3}-
{1} : shall we not be exploring, just like the musicians?
{1} : ficetimes, we will speak to the journey to the stage as we've all wanted, piles of renting a large light.



























  4%|███████▏                                                                                                                                                                 | 598/14049 [06:32<1:01:13,  3.66it/s]
  4%|███████▏                                                                                                                                                                 | 601/14049 [06:33<1:01:10,  3.66it/s]






































 98%|█████████████████████████████████████████████████████████████████████████████████████████████████████████████████████████████████████████████████████████████████████████▌   | 196/200 [01:17<00:01,  2.52it/s]

100%|█████████████████████████████████████████████████████████████████████████████████████████████████████████████████████████████████████████████████████████████████████████████| 200/200 [01:19<00:00,  2.52it/s]
-{3}-
{1}: there's nothing i'm really going to shade ourselves... there's nothing to wait anymore. our lanes, detright and limit us.
{2}: enough: well, i need your enemies to help send us to the eight-2}.




























  6%|█████████▌                                                                                                                                                               | 800/14049 [08:49<1:00:19,  3.66it/s]
  6%|█████████▋                                                                                                                                                               | 801/14049 [08:49<1:00:24,  3.65it/s]






































 98%|█████████████████████████████████████████████████████████████████████████████████████████████████████████████████████████████████████████████████████████████████████████▌   | 196/200 [01:17<00:01,  2.52it/s]

100%|█████████████████████████████████████████████████████████████████████████████████████████████████████████████████████████████████████████████████████████████████████████████| 200/200 [01:19<00:00,  2.52it/s]
-{3}-
{1st, my exhausting wartime rather than us!
{1}: for what's calm, i felt like an army was running - and it was all that you'd like to swept up. something more, showed me off.




























  7%|████████████                                                                                                                                                              | 1000/14049 [11:05<59:21,  3.66it/s]
  7%|████████████                                                                                                                                                              | 1001/14049 [11:05<59:19,  3.67it/s]






































 98%|██████████████████████████████████████████████████████████████████████████████████████████████████████████████████████████████████████████████████████████████████████████▍  | 197/200 [01:18<00:01,  2.52it/s]

100%|█████████████████████████████████████████████████████████████████████████████████████████████████████████████████████████████████████████████████████████████████████████████| 200/200 [01:19<00:00,  2.52it/s]
-{3}-
{2} : this brightly letter came across degrees monday. we are trying to dig into the head, the old and step on the way too.



























  8%|██████████████▍                                                                                                                                                           | 1194/14049 [13:19<58:29,  3.66it/s]
  9%|██████████████▌                                                                                                                                                           | 1201/14049 [13:21<58:28,  3.66it/s]







































 99%|███████████████████████████████████████████████████████████████████████████████████████████████████████████████████████████████████████████████████████████████████████████▎ | 198/200 [01:18<00:00,  2.52it/s]

100%|█████████████████████████████████████████████████████████████████████████████████████████████████████████████████████████████████████████████████████████████████████████████| 200/200 [01:19<00:00,  2.52it/s]
-{3}-



























 10%|████████████████▉                                                                                                                                                         | 1397/14049 [15:36<57:40,  3.66it/s]
 10%|████████████████▉                                                                                                                                                         | 1401/14049 [15:37<57:36,  3.66it/s]







































100%|████████████████████████████████████████████████████████████████████████████████████████████████████████████████████████████████████████████████████████████████████████████▏| 199/200 [01:18<00:00,  2.52it/s]

100%|█████████████████████████████████████████████████████████████████████████████████████████████████████████████████████████████████████████████████████████████████████████████| 200/200 [01:19<00:00,  2.52it/s]
-{3}-
00062: i plan is with our memories to close down, close to the night. we should just ship then.
{2}: maybe we can stand up for tension and take the night of this.



























 11%|███████████████████▎                                                                                                                                                      | 1597/14049 [17:53<56:36,  3.67it/s]
 11%|███████████████████▎                                                                                                                                                      | 1601/14049 [17:54<56:36,  3.66it/s]







































100%|████████████████████████████████████████████████████████████████████████████████████████████████████████████████████████████████████████████████████████████████████████████▏| 199/200 [01:19<00:00,  2.52it/s]

100%|█████████████████████████████████████████████████████████████████████████████████████████████████████████████████████████████████████████████████████████████████████████████| 200/200 [01:19<00:00,  2.52it/s]
-{3}-
{1}: this might be a shot, but she's right. it's okay...
{2}: this isn't about showing up your words, {3}.



























 13%|█████████████████████▋                                                                                                                                                    | 1797/14049 [20:09<55:45,  3.66it/s]
 13%|█████████████████████▊                                                                                                                                                    | 1801/14049 [20:10<55:43,  3.66it/s]







































 99%|███████████████████████████████████████████████████████████████████████████████████████████████████████████████████████████████████████████████████████████████████████████▎ | 198/200 [01:18<00:00,  2.52it/s]

100%|█████████████████████████████████████████████████████████████████████████████████████████████████████████████████████████████████████████████████████████████████████████████| 200/200 [01:19<00:00,  2.52it/s]
-{3}-
{1}: remember this one's more noticed an e-mail to find the order
{3}: {1}'s right. i agree with {3}.



























 14%|████████████████████████▏                                                                                                                                                 | 1996/14049 [22:25<54:52,  3.66it/s]
 14%|████████████████████████▏                                                                                                                                                 | 2001/14049 [22:27<54:47,  3.66it/s]







































100%|████████████████████████████████████████████████████████████████████████████████████████████████████████████████████████████████████████████████████████████████████████████▏| 199/200 [01:18<00:00,  2.51it/s]

100%|█████████████████████████████████████████████████████████████████████████████████████████████████████████████████████████████████████████████████████████████████████████████| 200/200 [01:19<00:00,  2.51it/s]
-{3}-
{1}: good afternoon, isn't it {1}? it seems like ages ago?
{2}: no, {1}. alright, nothing beyond the past?
{1}: yes, that's the challenge. at 50-paek and 40-year olds - unfairly in his life.



























 16%|██████████████████████████▎                                                                                                                                             | 2201/14049 [35:41<1:56:57,  1.69it/s]
  0%|                                                                                                                                                                                       | 0/200 [00:00<?, ?it/s]































100%|███████████████████████████████████████████████████████████████████████████████████████████████████████████████████████████████████████████████████████████████████████████| 200/200 [1:21:21<00:00,  2.50it/s]
[TEST EPOCH 0] Accuracy : 66.57829284667969% Test Loss : 1.2728679275512695 Best Loss : 0.9807974520325661
-{3}-
{2} : 'stop benny : hell held it a single map, matter multips.
{1} : yes, {2}, don't be sure about the same beneaton. let's just enjoy this morning.



























 17%|████████████████████████████▋                                                                                                                                           | 2401/14049 [1:58:00<54:19,  3.57it/s]
  0%|                                                                                                                                                                                       | 0/200 [00:00<?, ?it/s]








































100%|█████████████████████████████████████████████████████████████████████████████████████████████████████████████████████████████████████████████████████████████████████████████| 200/200 [01:19<00:00,  2.49it/s]
[TEST EPOCH 0] Accuracy : 66.50584411621094% Test Loss : 1.2886521846055985 Best Loss : 0.9807974520325661
-{3}-
{1}: that's the spying in your attic, {2}? this isnt about spying games.
{2}: as for once, we're lost in the familiarity of our release, this was public.



























 19%|███████████████████████████████                                                                                                                                         | 2601/14049 [2:00:18<52:11,  3.66it/s]
  0%|▉                                                                                                                                                                              | 1/200 [00:00<01:20,  2.48it/s]








































100%|█████████████████████████████████████████████████████████████████████████████████████████████████████████████████████████████████████████████████████████████████████████████| 200/200 [01:20<00:00,  2.47it/s]
[TEST EPOCH 0] Accuracy : 66.49339294433594% Test Loss : 1.302250035405159 Best Loss : 0.9807974520325661
-{3}-
{1} : isn't it true, isn't it? we're not ready to face the unesco; our lives meet through companients without healing?




























 20%|█████████████████████████████████▍                                                                                                                                      | 2800/14049 [2:02:37<52:26,  3.58it/s]
 20%|█████████████████████████████████▍                                                                                                                                      | 2801/14049 [2:02:37<52:44,  3.55it/s]



























Traceback (most recent call last):███████████████████████████████████████████████████████████████████████████████████████████▏                                                    | 139/200 [00:56<00:24,  2.47it/s]
  File "/Users/hugo/Desktop/Projects/conditionned_theatre_play_generation/.env/lib/python3.8/site-packages/torch/utils/data/dataloader.py", line 1478, in __del__
    self._shutdown_workers()
  File "/Users/hugo/Desktop/Projects/conditionned_theatre_play_generation/.env/lib/python3.8/site-packages/torch/utils/data/dataloader.py", line 1442, in _shutdown_workers
    w.join(timeout=_utils.MP_STATUS_CHECK_INTERVAL)
  File "/Users/hugo/.pyenv/versions/3.8.18/lib/python3.8/multiprocessing/process.py", line 149, in join
    res = self._popen.wait(timeout)
  File "/Users/hugo/.pyenv/versions/3.8.18/lib/python3.8/multiprocessing/popen_fork.py", line 44, in wait
    if not wait([self.sentinel], timeout):
  File "/Users/hugo/.pyenv/versions/3.8.18/lib/python3.8/multiprocessing/connection.py", line 931, in wait
    ready = selector.select(timeout)
  File "/Users/hugo/.pyenv/versions/3.8.18/lib/python3.8/selectors.py", line 415, in select
    fd_event_list = self._selector.poll(timeout)
KeyboardInterrupt:
 20%|█████████████████████████████████                                                                                                                                     | 2801/14049 [2:03:34<8:16:14,  2.65s/it]
Traceback (most recent call last):
  File "train.py", line 127, in test_for_n_steps
    total_acc_test += (logits.argmax(-1) == targets).sum().item()
KeyboardInterrupt
During handling of the above exception, another exception occurred:
Traceback (most recent call last):
  File "train.py", line 240, in <module>
    step(model, optimizer, scheduler, train_loader, test_dataset, device, epoch, path, best_loss = 1000)
  File "train.py", line 66, in step
    test_loss, best_loss = test_for_n_steps(model, test_dataset, device, path, best_loss, epoch, n_step = 100, step = idx)
  File "train.py", line 127, in test_for_n_steps
    total_acc_test += (logits.argmax(-1) == targets).sum().item()
  File "/Users/hugo/Desktop/Projects/conditionned_theatre_play_generation/.env/lib/python3.8/site-packages/torch/utils/data/_utils/signal_handling.py", line 66, in handler
    _error_if_any_worker_fails()
RuntimeError: DataLoader worker (pid 68137) is killed by signal: Interrupt: 2.